-------------------------------------------------------------------------------
Test set: org.nthdimenzion.SeleniumExampleTest
-------------------------------------------------------------------------------
Tests run: 1, Failures: 0, Errors: 1, Skipped: 0, Time elapsed: 0.224 sec <<< FAILURE!
testSomethingSimple(org.nthdimenzion.SeleniumExampleTest)  Time elapsed: 0.199 sec  <<< ERROR!
java.lang.RuntimeException: Could not start Selenium session: Failed to start new browser session: Browser not supported: *HtmlUnitDriver

Supported browsers include:
  *firefox
  *mock
  *firefoxproxy
  *pifirefox
  *chrome
  *iexploreproxy
  *iexplore
  *firefox3
  *safariproxy
  *googlechrome
  *konqueror
  *firefox2
  *piiexplore
  *safari
  *firefoxchrome
  *opera
  *webdriver
  *iehta
  *custom

	at com.thoughtworks.selenium.DefaultSelenium.start(DefaultSelenium.java:112)
	at org.nthdimenzion.SeleniumExampleTest.testSomethingSimple(SeleniumExampleTest.java:19)
	at sun.reflect.NativeMethodAccessorImpl.invoke0(Native Method)
	at sun.reflect.NativeMethodAccessorImpl.invoke(NativeMethodAccessorImpl.java:57)
	at sun.reflect.DelegatingMethodAccessorImpl.invoke(DelegatingMethodAccessorImpl.java:43)
	at java.lang.reflect.Method.invoke(Method.java:606)
	at junit.framework.TestCase.runTest(TestCase.java:168)
	at junit.framework.TestCase.runBare(TestCase.java:134)
	at junit.framework.TestResult$1.protect(TestResult.java:110)
	at junit.framework.TestResult.runProtected(TestResult.java:128)
	at junit.framework.TestResult.run(TestResult.java:113)
	at junit.framework.TestCase.run(TestCase.java:124)
	at junit.framework.TestSuite.runTest(TestSuite.java:243)
	at junit.framework.TestSuite.run(TestSuite.java:238)
	at org.junit.internal.runners.JUnit38ClassRunner.run(JUnit38ClassRunner.java:83)
	at org.apache.maven.surefire.junit4.JUnit4Provider.execute(JUnit4Provider.java:252)
	at org.apache.maven.surefire.junit4.JUnit4Provider.executeTestSet(JUnit4Provider.java:141)
	at org.apache.maven.surefire.junit4.JUnit4Provider.invoke(JUnit4Provider.java:112)
	at sun.reflect.NativeMethodAccessorImpl.invoke0(Native Method)
	at sun.reflect.NativeMethodAccessorImpl.invoke(NativeMethodAccessorImpl.java:57)
	at sun.reflect.DelegatingMethodAccessorImpl.invoke(DelegatingMethodAccessorImpl.java:43)
	at java.lang.reflect.Method.invoke(Method.java:606)
	at org.apache.maven.surefire.util.ReflectionUtils.invokeMethodWithArray(ReflectionUtils.java:189)
	at org.apache.maven.surefire.booter.ProviderFactory$ProviderProxy.invoke(ProviderFactory.java:165)
	at org.apache.maven.surefire.booter.ProviderFactory.invokeProvider(ProviderFactory.java:85)
	at org.apache.maven.surefire.booter.ForkedBooter.runSuitesInProcess(ForkedBooter.java:115)
	at org.apache.maven.surefire.booter.ForkedBooter.main(ForkedBooter.java:75)
Caused by: com.thoughtworks.selenium.SeleniumException: Failed to start new browser session: Browser not supported: *HtmlUnitDriver

Supported browsers include:
  *firefox
  *mock
  *firefoxproxy
  *pifirefox
  *chrome
  *iexploreproxy
  *iexplore
  *firefox3
  *safariproxy
  *googlechrome
  *konqueror
  *firefox2
  *piiexplore
  *safari
  *firefoxchrome
  *opera
  *webdriver
  *iehta
  *custom

	at com.thoughtworks.selenium.HttpCommandProcessor.throwAssertionFailureExceptionOrError(HttpCommandProcessor.java:111)
	at com.thoughtworks.selenium.HttpCommandProcessor.doCommand(HttpCommandProcessor.java:105)
	at com.thoughtworks.selenium.HttpCommandProcessor.getString(HttpCommandProcessor.java:274)
	at com.thoughtworks.selenium.HttpCommandProcessor.start(HttpCommandProcessor.java:236)
	at com.thoughtworks.selenium.DefaultSelenium.start(DefaultSelenium.java:103)
	... 26 more

